c:\users\peter\desktop\itp380-20173\lab05\debug\vc141.pdb
c:\users\peter\desktop\itp380-20173\lab05\debug\vc141.idb
c:\users\peter\desktop\itp380-20173\lab05\debug\actor.obj
c:\users\peter\desktop\itp380-20173\lab05\debug\block.obj
c:\users\peter\desktop\itp380-20173\lab05\debug\collisioncomponent.obj
c:\users\peter\desktop\itp380-20173\lab05\debug\component.obj
c:\users\peter\desktop\itp380-20173\lab05\debug\main.obj
c:\users\peter\desktop\itp380-20173\lab05\debug\math.obj
c:\users\peter\desktop\itp380-20173\lab05\debug\movecomponent.obj
c:\users\peter\desktop\itp380-20173\lab05\debug\spritecomponent.obj
c:\users\peter\desktop\itp380-20173\lab05\debug\game.obj
c:\users\peter\desktop\itp380-20173\lab05\debug\game.ilk
c:\users\peter\desktop\itp380-20173\lab05\debug\game.exe
c:\users\peter\desktop\itp380-20173\lab05\debug\game.pdb
c:\users\peter\desktop\itp380-20173\lab05\debug\game.tlog\cl.command.1.tlog
c:\users\peter\desktop\itp380-20173\lab05\debug\game.tlog\cl.read.1.tlog
c:\users\peter\desktop\itp380-20173\lab05\debug\game.tlog\cl.write.1.tlog
c:\users\peter\desktop\itp380-20173\lab05\debug\game.tlog\link.command.1.tlog
c:\users\peter\desktop\itp380-20173\lab05\debug\game.tlog\link.read.1.tlog
c:\users\peter\desktop\itp380-20173\lab05\debug\game.tlog\link.write.1.tlog
